<?xml version="1.0" encoding="UTF-8"?>
<!-- Generated by org.testng.reporters.JUnitXMLReporter -->
<testsuite ignored="2" hostname="DESKTOP-OPRE30T" failures="1" tests="14" name="Test" time="103.245" errors="0" timestamp="2024-07-15T23:41:29 IST">
  <testcase classname="org.flipkart.tests.LoginPopupTest" name="verifyPresenceOfLoginPopup" time="10.261">
    <failure type="java.lang.AssertionError" message="Login popup did not appear">
      <![CDATA[java.lang.AssertionError: Login popup did not appear
at org.flipkart.pageObject.LoginPopupPageObject.verifyPresenceOfLoginPopup(LoginPopupPageObject.java:23)
at org.flipkart.tests.LoginPopupTest.verifyPresenceOfLoginPopup(LoginPopupTest.java:14)
at java.base/java.util.ArrayList.forEach(ArrayList.java:1511)
... Removed 28 stack frames]]>
    </failure>
  </testcase> <!-- verifyPresenceOfLoginPopup -->
  <testcase classname="org.flipkart.tests.LoginPopupTest" name="closeLoginPopup" time="0.0">
    <skipped/>
  </testcase> <!-- closeLoginPopup -->
  <testcase classname="org.flipkart.tests.HeaderNavigationTest" name="verifyFlipkartHomeNavigation" time="7.798"/>
  <testcase classname="org.flipkart.tests.HeaderNavigationTest" name="verifyFlipkartPlusNavigation" time="8.575"/>
  <testcase classname="org.flipkart.tests.HeaderNavigationTest" name="verifyLoginPageNavigation" time="7.944"/>
  <testcase classname="org.flipkart.tests.HeaderNavigationTest" name="verifyCartNavigation" time="7.714"/>
  <testcase classname="org.flipkart.tests.HeaderNavigationTest" name="verifyBecomeASellerNavigation" time="10.53"/>
  <testcase classname="org.flipkart.tests.HeaderNavigationTest" name="verifyNotificationPreferenceNavigation" time="7.77"/>
  <testcase classname="org.flipkart.tests.HeaderNavigationTest" name="verifyCustomerCarePageNavigation" time="10.401"/>
  <testcase classname="org.flipkart.tests.HeaderNavigationTest" name="verifyAdvertisePageNavigation" time="7.956"/>
  <testcase classname="org.flipkart.tests.HeaderNavigationTest" name="verifyDownloadAppPageNavigation" time="7.869"/>
  <testcase classname="org.flipkart.tests.SearchTest" name="verifyPresenceOfSearchOptions" time="0.107"/>
  <testcase classname="org.flipkart.tests.SearchTest" name="verifySearchWithValidInput" time="7.298"/>
  <testcase classname="org.flipkart.tests.SearchTest" name="verifySearchWithInvalidInput" time="7.448"/>
  <testcase classname="org.flipkart.setup.BaseTest" name="@BeforeSuite beforeClass" time="0.0">
    <ignored/>
  </testcase> <!-- @BeforeSuite beforeClass -->
  <testcase classname="org.flipkart.setup.BaseTest" name="@BeforeSuite beforeClass" time="0.0">
    <ignored/>
  </testcase> <!-- @BeforeSuite beforeClass -->
</testsuite> <!-- Test -->
